<?xml version="1.0" encoding="UTF-8"?>
<!-- Generated by org.testng.reporters.JUnitReportReporter -->
<testsuite hostname="DESKTOP-4DLPTDO" failures="0" tests="3" name="testNG.Demo" time="0.026" errors="0" timestamp="2022-02-18T08:31:43 IST" skipped="0">
  <testcase classname="testNG.Demo" name="c" time="0.003"/>
  <system-out>
    <![CDATA[hiii]]>
  </system-out>
  <testcase classname="testNG.Demo" name="a" time="0.018"/>
  <system-out/>
  <testcase classname="testNG.Demo" name="b" time="0.005"/>
  <system-out>
    <![CDATA[hiii...]]>
  </system-out>
</testsuite> <!-- testNG.Demo -->
