<?xml version="1.0" encoding="UTF-8"?>
<!-- Generated by org.testng.reporters.JUnitReportReporter -->
<testsuite hostname="DESKTOP-4DLPTDO" failures="0" tests="1" name="testNG1.Demo1" time="0.003" errors="0" timestamp="2022-02-18T09:29:06 IST" skipped="0">
  <testcase classname="testNG1.Demo1" name="Swami" time="0.003"/>
  <system-out>
    <![CDATA[Swami Vivekanand]]>
  </system-out>
</testsuite> <!-- testNG1.Demo1 -->
