<?xml version="1.0" encoding="UTF-8"?>
<!-- Generated by org.testng.reporters.JUnitReportReporter -->
<testsuite hostname="DESKTOP-4DLPTDO" failures="0" tests="1" name="testNgFlags.PriorityFlag" time="0.018" errors="0" timestamp="2022-02-19T09:25:35 IST" skipped="0">
  <testcase classname="testNgFlags.PriorityFlag" name="ShivJayanti" time="0.018"/>
  <system-out>
    <![CDATA[Happy ShivJaynti]]>
  </system-out>
</testsuite> <!-- testNgFlags.PriorityFlag -->
