<?xml version="1.0" encoding="UTF-8"?>
<!-- Generated by org.testng.reporters.JUnitReportReporter -->
<testsuite hostname="DESKTOP-4DLPTDO" failures="0" tests="100" name="testNgFlags.InvoctionCountFlag" time="0.373" errors="0" timestamp="2022-02-19T09:29:49 IST" skipped="0">
  <testcase classname="testNgFlags.InvoctionCountFlag" name="ShivJayanti" time="0.004"/>
  <system-out>
    <![CDATA[Happy ShivJaynti]]>
  </system-out>
  <testcase classname="testNgFlags.InvoctionCountFlag" name="ShivJayanti" time="0.008"/>
  <system-out>
    <![CDATA[Happy ShivJaynti]]>
  </system-out>
  <testcase classname="testNgFlags.InvoctionCountFlag" name="ShivJayanti" time="0.001"/>
  <system-out>
    <![CDATA[Happy ShivJaynti]]>
  </system-out>
  <testcase classname="testNgFlags.InvoctionCountFlag" name="ShivJayanti" time="0.001"/>
  <system-out>
    <![CDATA[Happy ShivJaynti]]>
  </system-out>
  <testcase classname="testNgFlags.InvoctionCountFlag" name="ShivJayanti" time="0.002"/>
  <system-out>
    <![CDATA[Happy ShivJaynti]]>
  </system-out>
  <testcase classname="testNgFlags.InvoctionCountFlag" name="ShivJayanti" time="0.013"/>
  <system-out>
    <![CDATA[Happy ShivJaynti]]>
  </system-out>
  <testcase classname="testNgFlags.InvoctionCountFlag" name="ShivJayanti" time="0.001"/>
  <system-out>
    <![CDATA[Happy ShivJaynti]]>
  </system-out>
  <testcase classname="testNgFlags.InvoctionCountFlag" name="ShivJayanti" time="0.001"/>
  <system-out>
    <![CDATA[Happy ShivJaynti]]>
  </system-out>
  <testcase classname="testNgFlags.InvoctionCountFlag" name="ShivJayanti" time="0.002"/>
  <system-out>
    <![CDATA[Happy ShivJaynti]]>
  </system-out>
  <testcase classname="testNgFlags.InvoctionCountFlag" name="ShivJayanti" time="0.051"/>
  <system-out>
    <![CDATA[Happy ShivJaynti]]>
  </system-out>
  <testcase classname="testNgFlags.InvoctionCountFlag" name="ShivJayanti" time="0.001"/>
  <system-out>
    <![CDATA[Happy ShivJaynti]]>
  </system-out>
  <testcase classname="testNgFlags.InvoctionCountFlag" name="ShivJayanti" time="0.001"/>
  <system-out>
    <![CDATA[Happy ShivJaynti]]>
  </system-out>
  <testcase classname="testNgFlags.InvoctionCountFlag" name="ShivJayanti" time="0.002"/>
  <system-out>
    <![CDATA[Happy ShivJaynti]]>
  </system-out>
  <testcase classname="testNgFlags.InvoctionCountFlag" name="ShivJayanti" time="0.003"/>
  <system-out>
    <![CDATA[Happy ShivJaynti]]>
  </system-out>
  <testcase classname="testNgFlags.InvoctionCountFlag" name="ShivJayanti" time="0.002"/>
  <system-out>
    <![CDATA[Happy ShivJaynti]]>
  </system-out>
  <testcase classname="testNgFlags.InvoctionCountFlag" name="ShivJayanti" time="0.000"/>
  <system-out>
    <![CDATA[Happy ShivJaynti]]>
  </system-out>
  <testcase classname="testNgFlags.InvoctionCountFlag" name="ShivJayanti" time="0.000"/>
  <system-out>
    <![CDATA[Happy ShivJaynti]]>
  </system-out>
  <testcase classname="testNgFlags.InvoctionCountFlag" name="ShivJayanti" time="0.003"/>
  <system-out>
    <![CDATA[Happy ShivJaynti]]>
  </system-out>
  <testcase classname="testNgFlags.InvoctionCountFlag" name="ShivJayanti" time="0.001"/>
  <system-out>
    <![CDATA[Happy ShivJaynti]]>
  </system-out>
  <testcase classname="testNgFlags.InvoctionCountFlag" name="ShivJayanti" time="0.001"/>
  <system-out>
    <![CDATA[Happy ShivJaynti]]>
  </system-out>
  <testcase classname="testNgFlags.InvoctionCountFlag" name="ShivJayanti" time="0.002"/>
  <system-out>
    <![CDATA[Happy ShivJaynti]]>
  </system-out>
  <testcase classname="testNgFlags.InvoctionCountFlag" name="ShivJayanti" time="0.003"/>
  <system-out>
    <![CDATA[Happy ShivJaynti]]>
  </system-out>
  <testcase classname="testNgFlags.InvoctionCountFlag" name="ShivJayanti" time="0.003"/>
  <system-out>
    <![CDATA[Happy ShivJaynti]]>
  </system-out>
  <testcase classname="testNgFlags.InvoctionCountFlag" name="ShivJayanti" time="0.002"/>
  <system-out>
    <![CDATA[Happy ShivJaynti]]>
  </system-out>
  <testcase classname="testNgFlags.InvoctionCountFlag" name="ShivJayanti" time="0.004"/>
  <system-out>
    <![CDATA[Happy ShivJaynti]]>
  </system-out>
  <testcase classname="testNgFlags.InvoctionCountFlag" name="ShivJayanti" time="0.004"/>
  <system-out>
    <![CDATA[Happy ShivJaynti]]>
  </system-out>
  <testcase classname="testNgFlags.InvoctionCountFlag" name="ShivJayanti" time="0.005"/>
  <system-out>
    <![CDATA[Happy ShivJaynti]]>
  </system-out>
  <testcase classname="testNgFlags.InvoctionCountFlag" name="ShivJayanti" time="0.001"/>
  <system-out>
    <![CDATA[Happy ShivJaynti]]>
  </system-out>
  <testcase classname="testNgFlags.InvoctionCountFlag" name="ShivJayanti" time="0.057"/>
  <system-out>
    <![CDATA[Happy ShivJaynti]]>
  </system-out>
  <testcase classname="testNgFlags.InvoctionCountFlag" name="ShivJayanti" time="0.004"/>
  <system-out>
    <![CDATA[Happy ShivJaynti]]>
  </system-out>
  <testcase classname="testNgFlags.InvoctionCountFlag" name="ShivJayanti" time="0.004"/>
  <system-out>
    <![CDATA[Happy ShivJaynti]]>
  </system-out>
  <testcase classname="testNgFlags.InvoctionCountFlag" name="ShivJayanti" time="0.001"/>
  <system-out>
    <![CDATA[Happy ShivJaynti]]>
  </system-out>
  <testcase classname="testNgFlags.InvoctionCountFlag" name="ShivJayanti" time="0.001"/>
  <system-out>
    <![CDATA[Happy ShivJaynti]]>
  </system-out>
  <testcase classname="testNgFlags.InvoctionCountFlag" name="ShivJayanti" time="0.003"/>
  <system-out>
    <![CDATA[Happy ShivJaynti]]>
  </system-out>
  <testcase classname="testNgFlags.InvoctionCountFlag" name="ShivJayanti" time="0.008"/>
  <system-out>
    <![CDATA[Happy ShivJaynti]]>
  </system-out>
  <testcase classname="testNgFlags.InvoctionCountFlag" name="ShivJayanti" time="0.003"/>
  <system-out>
    <![CDATA[Happy ShivJaynti]]>
  </system-out>
  <testcase classname="testNgFlags.InvoctionCountFlag" name="ShivJayanti" time="0.002"/>
  <system-out>
    <![CDATA[Happy ShivJaynti]]>
  </system-out>
  <testcase classname="testNgFlags.InvoctionCountFlag" name="ShivJayanti" time="0.001"/>
  <system-out>
    <![CDATA[Happy ShivJaynti]]>
  </system-out>
  <testcase classname="testNgFlags.InvoctionCountFlag" name="ShivJayanti" time="0.002"/>
  <system-out>
    <![CDATA[Happy ShivJaynti]]>
  </system-out>
  <testcase classname="testNgFlags.InvoctionCountFlag" name="ShivJayanti" time="0.001"/>
  <system-out>
    <![CDATA[Happy ShivJaynti]]>
  </system-out>
  <testcase classname="testNgFlags.InvoctionCountFlag" name="ShivJayanti" time="0.003"/>
  <system-out>
    <![CDATA[Happy ShivJaynti]]>
  </system-out>
  <testcase classname="testNgFlags.InvoctionCountFlag" name="ShivJayanti" time="0.001"/>
  <system-out>
    <![CDATA[Happy ShivJaynti]]>
  </system-out>
  <testcase classname="testNgFlags.InvoctionCountFlag" name="ShivJayanti" time="0.009"/>
  <system-out>
    <![CDATA[Happy ShivJaynti]]>
  </system-out>
  <testcase classname="testNgFlags.InvoctionCountFlag" name="ShivJayanti" time="0.001"/>
  <system-out>
    <![CDATA[Happy ShivJaynti]]>
  </system-out>
  <testcase classname="testNgFlags.InvoctionCountFlag" name="ShivJayanti" time="0.002"/>
  <system-out>
    <![CDATA[Happy ShivJaynti]]>
  </system-out>
  <testcase classname="testNgFlags.InvoctionCountFlag" name="ShivJayanti" time="0.001"/>
  <system-out>
    <![CDATA[Happy ShivJaynti]]>
  </system-out>
  <testcase classname="testNgFlags.InvoctionCountFlag" name="ShivJayanti" time="0.001"/>
  <system-out>
    <![CDATA[Happy ShivJaynti]]>
  </system-out>
  <testcase classname="testNgFlags.InvoctionCountFlag" name="ShivJayanti" time="0.003"/>
  <system-out>
    <![CDATA[Happy ShivJaynti]]>
  </system-out>
  <testcase classname="testNgFlags.InvoctionCountFlag" name="ShivJayanti" time="0.015"/>
  <system-out>
    <![CDATA[Happy ShivJaynti]]>
  </system-out>
  <testcase classname="testNgFlags.InvoctionCountFlag" name="ShivJayanti" time="0.011"/>
  <system-out>
    <![CDATA[Happy ShivJaynti]]>
  </system-out>
  <testcase classname="testNgFlags.InvoctionCountFlag" name="ShivJayanti" time="0.002"/>
  <system-out>
    <![CDATA[Happy ShivJaynti]]>
  </system-out>
  <testcase classname="testNgFlags.InvoctionCountFlag" name="ShivJayanti" time="0.001"/>
  <system-out>
    <![CDATA[Happy ShivJaynti]]>
  </system-out>
  <testcase classname="testNgFlags.InvoctionCountFlag" name="ShivJayanti" time="0.004"/>
  <system-out>
    <![CDATA[Happy ShivJaynti]]>
  </system-out>
  <testcase classname="testNgFlags.InvoctionCountFlag" name="ShivJayanti" time="0.013"/>
  <system-out>
    <![CDATA[Happy ShivJaynti]]>
  </system-out>
  <testcase classname="testNgFlags.InvoctionCountFlag" name="ShivJayanti" time="0.002"/>
  <system-out>
    <![CDATA[Happy ShivJaynti]]>
  </system-out>
  <testcase classname="testNgFlags.InvoctionCountFlag" name="ShivJayanti" time="0.001"/>
  <system-out>
    <![CDATA[Happy ShivJaynti]]>
  </system-out>
  <testcase classname="testNgFlags.InvoctionCountFlag" name="ShivJayanti" time="0.004"/>
  <system-out>
    <![CDATA[Happy ShivJaynti]]>
  </system-out>
  <testcase classname="testNgFlags.InvoctionCountFlag" name="ShivJayanti" time="0.002"/>
  <system-out>
    <![CDATA[Happy ShivJaynti]]>
  </system-out>
  <testcase classname="testNgFlags.InvoctionCountFlag" name="ShivJayanti" time="0.001"/>
  <system-out>
    <![CDATA[Happy ShivJaynti]]>
  </system-out>
  <testcase classname="testNgFlags.InvoctionCountFlag" name="ShivJayanti" time="0.001"/>
  <system-out>
    <![CDATA[Happy ShivJaynti]]>
  </system-out>
  <testcase classname="testNgFlags.InvoctionCountFlag" name="ShivJayanti" time="0.001"/>
  <system-out>
    <![CDATA[Happy ShivJaynti]]>
  </system-out>
  <testcase classname="testNgFlags.InvoctionCountFlag" name="ShivJayanti" time="0.007"/>
  <system-out>
    <![CDATA[Happy ShivJaynti]]>
  </system-out>
  <testcase classname="testNgFlags.InvoctionCountFlag" name="ShivJayanti" time="0.003"/>
  <system-out>
    <![CDATA[Happy ShivJaynti]]>
  </system-out>
  <testcase classname="testNgFlags.InvoctionCountFlag" name="ShivJayanti" time="0.003"/>
  <system-out>
    <![CDATA[Happy ShivJaynti]]>
  </system-out>
  <testcase classname="testNgFlags.InvoctionCountFlag" name="ShivJayanti" time="0.000"/>
  <system-out>
    <![CDATA[Happy ShivJaynti]]>
  </system-out>
  <testcase classname="testNgFlags.InvoctionCountFlag" name="ShivJayanti" time="0.000"/>
  <system-out>
    <![CDATA[Happy ShivJaynti]]>
  </system-out>
  <testcase classname="testNgFlags.InvoctionCountFlag" name="ShivJayanti" time="0.001"/>
  <system-out>
    <![CDATA[Happy ShivJaynti]]>
  </system-out>
  <testcase classname="testNgFlags.InvoctionCountFlag" name="ShivJayanti" time="0.002"/>
  <system-out>
    <![CDATA[Happy ShivJaynti]]>
  </system-out>
  <testcase classname="testNgFlags.InvoctionCountFlag" name="ShivJayanti" time="0.001"/>
  <system-out>
    <![CDATA[Happy ShivJaynti]]>
  </system-out>
  <testcase classname="testNgFlags.InvoctionCountFlag" name="ShivJayanti" time="0.002"/>
  <system-out>
    <![CDATA[Happy ShivJaynti]]>
  </system-out>
  <testcase classname="testNgFlags.InvoctionCountFlag" name="ShivJayanti" time="0.002"/>
  <system-out>
    <![CDATA[Happy ShivJaynti]]>
  </system-out>
  <testcase classname="testNgFlags.InvoctionCountFlag" name="ShivJayanti" time="0.001"/>
  <system-out>
    <![CDATA[Happy ShivJaynti]]>
  </system-out>
  <testcase classname="testNgFlags.InvoctionCountFlag" name="ShivJayanti" time="0.002"/>
  <system-out>
    <![CDATA[Happy ShivJaynti]]>
  </system-out>
  <testcase classname="testNgFlags.InvoctionCountFlag" name="ShivJayanti" time="0.001"/>
  <system-out>
    <![CDATA[Happy ShivJaynti]]>
  </system-out>
  <testcase classname="testNgFlags.InvoctionCountFlag" name="ShivJayanti" time="0.007"/>
  <system-out>
    <![CDATA[Happy ShivJaynti]]>
  </system-out>
  <testcase classname="testNgFlags.InvoctionCountFlag" name="ShivJayanti" time="0.002"/>
  <system-out>
    <![CDATA[Happy ShivJaynti]]>
  </system-out>
  <testcase classname="testNgFlags.InvoctionCountFlag" name="ShivJayanti" time="0.004"/>
  <system-out>
    <![CDATA[Happy ShivJaynti]]>
  </system-out>
  <testcase classname="testNgFlags.InvoctionCountFlag" name="ShivJayanti" time="0.001"/>
  <system-out>
    <![CDATA[Happy ShivJaynti]]>
  </system-out>
  <testcase classname="testNgFlags.InvoctionCountFlag" name="ShivJayanti" time="0.001"/>
  <system-out>
    <![CDATA[Happy ShivJaynti]]>
  </system-out>
  <testcase classname="testNgFlags.InvoctionCountFlag" name="ShivJayanti" time="0.003"/>
  <system-out>
    <![CDATA[Happy ShivJaynti]]>
  </system-out>
  <testcase classname="testNgFlags.InvoctionCountFlag" name="ShivJayanti" time="0.002"/>
  <system-out>
    <![CDATA[Happy ShivJaynti]]>
  </system-out>
  <testcase classname="testNgFlags.InvoctionCountFlag" name="ShivJayanti" time="0.003"/>
  <system-out>
    <![CDATA[Happy ShivJaynti]]>
  </system-out>
  <testcase classname="testNgFlags.InvoctionCountFlag" name="ShivJayanti" time="0.001"/>
  <system-out>
    <![CDATA[Happy ShivJaynti]]>
  </system-out>
  <testcase classname="testNgFlags.InvoctionCountFlag" name="ShivJayanti" time="0.002"/>
  <system-out>
    <![CDATA[Happy ShivJaynti]]>
  </system-out>
  <testcase classname="testNgFlags.InvoctionCountFlag" name="ShivJayanti" time="0.000"/>
  <system-out>
    <![CDATA[Happy ShivJaynti]]>
  </system-out>
  <testcase classname="testNgFlags.InvoctionCountFlag" name="ShivJayanti" time="0.001"/>
  <system-out>
    <![CDATA[Happy ShivJaynti]]>
  </system-out>
  <testcase classname="testNgFlags.InvoctionCountFlag" name="ShivJayanti" time="0.006"/>
  <system-out>
    <![CDATA[Happy ShivJaynti]]>
  </system-out>
  <testcase classname="testNgFlags.InvoctionCountFlag" name="ShivJayanti" time="0.002"/>
  <system-out>
    <![CDATA[Happy ShivJaynti]]>
  </system-out>
  <testcase classname="testNgFlags.InvoctionCountFlag" name="ShivJayanti" time="0.001"/>
  <system-out>
    <![CDATA[Happy ShivJaynti]]>
  </system-out>
  <testcase classname="testNgFlags.InvoctionCountFlag" name="ShivJayanti" time="0.004"/>
  <system-out>
    <![CDATA[Happy ShivJaynti]]>
  </system-out>
  <testcase classname="testNgFlags.InvoctionCountFlag" name="ShivJayanti" time="0.002"/>
  <system-out>
    <![CDATA[Happy ShivJaynti]]>
  </system-out>
  <testcase classname="testNgFlags.InvoctionCountFlag" name="ShivJayanti" time="0.001"/>
  <system-out>
    <![CDATA[Happy ShivJaynti]]>
  </system-out>
  <testcase classname="testNgFlags.InvoctionCountFlag" name="ShivJayanti" time="0.001"/>
  <system-out>
    <![CDATA[Happy ShivJaynti]]>
  </system-out>
  <testcase classname="testNgFlags.InvoctionCountFlag" name="ShivJayanti" time="0.004"/>
  <system-out>
    <![CDATA[Happy ShivJaynti]]>
  </system-out>
  <testcase classname="testNgFlags.InvoctionCountFlag" name="ShivJayanti" time="0.004"/>
  <system-out>
    <![CDATA[Happy ShivJaynti]]>
  </system-out>
  <testcase classname="testNgFlags.InvoctionCountFlag" name="ShivJayanti" time="0.002"/>
  <system-out>
    <![CDATA[Happy ShivJaynti]]>
  </system-out>
  <testcase classname="testNgFlags.InvoctionCountFlag" name="ShivJayanti" time="0.001"/>
  <system-out>
    <![CDATA[Happy ShivJaynti]]>
  </system-out>
  <testcase classname="testNgFlags.InvoctionCountFlag" name="ShivJayanti" time="0.001"/>
  <system-out>
    <![CDATA[Happy ShivJaynti]]>
  </system-out>
  <testcase classname="testNgFlags.InvoctionCountFlag" name="ShivJayanti" time="0.002"/>
  <system-out>
    <![CDATA[Happy ShivJaynti]]>
  </system-out>
  <testcase classname="testNgFlags.InvoctionCountFlag" name="ShivJayanti" time="0.002"/>
  <system-out>
    <![CDATA[Happy ShivJaynti]]>
  </system-out>
</testsuite> <!-- testNgFlags.InvoctionCountFlag -->
