<?xml version="1.0" encoding="UTF-8"?>
<!-- Generated by org.testng.reporters.JUnitReportReporter -->
<testsuite hostname="DESKTOP-4DLPTDO" failures="0" tests="2" name="testNgFlags.DependsOnMethods" time="0.017" errors="0" timestamp="2022-02-19T09:35:50 IST" skipped="0">
  <testcase classname="testNgFlags.DependsOnMethods" name="signIn" time="0.013"/>
  <system-out>
    <![CDATA[Login Feture]]>
  </system-out>
  <testcase classname="testNgFlags.DependsOnMethods" name="logout" time="0.004"/>
  <system-out>
    <![CDATA[LogOut Feture]]>
  </system-out>
</testsuite> <!-- testNgFlags.DependsOnMethods -->
