<?xml version="1.0" encoding="UTF-8"?>
<!-- Generated by org.testng.reporters.JUnitReportReporter -->
<testsuite hostname="DESKTOP-4DLPTDO" failures="0" tests="6" name="testNgFlags.Flag7" time="0.034" errors="0" timestamp="2022-02-21T08:19:18 IST" skipped="0">
  <testcase classname="testNgFlags.Flag7" name="ft3" time="0.002"/>
  <system-out>
    <![CDATA[Functional Test cse3]]>
  </system-out>
  <testcase classname="testNgFlags.Flag7" name="ft5" time="0.002"/>
  <system-out>
    <![CDATA[Functional Test cse5]]>
  </system-out>
  <testcase classname="testNgFlags.Flag7" name="ft1" time="0.017"/>
  <system-out>
    <![CDATA[Functional Test cse1]]>
  </system-out>
  <testcase classname="testNgFlags.Flag7" name="ft4" time="0.002"/>
  <system-out>
    <![CDATA[Functional Test cse4]]>
  </system-out>
  <testcase classname="testNgFlags.Flag7" name="ft2" time="0.002"/>
  <system-out>
    <![CDATA[Functional Test cse2]]>
  </system-out>
  <testcase classname="testNgFlags.Flag7" name="ft6" time="0.009"/>
  <system-out>
    <![CDATA[Functional Test cse6]]>
  </system-out>
</testsuite> <!-- testNgFlags.Flag7 -->
