<?xml version="1.0" encoding="UTF-8"?>
<!-- Generated by org.testng.reporters.JUnitReportReporter -->
<testsuite hostname="DESKTOP-4DLPTDO" failures="0" tests="1" name="annotations.ValidLogin" time="15.938" errors="0" timestamp="2022-02-23T09:19:44 IST" skipped="0">
  <testcase classname="annotations.ValidLogin" name="validLogin" time="15.938"/>
  <system-out/>
</testsuite> <!-- annotations.ValidLogin -->
