<?xml version="1.0" encoding="UTF-8"?>
<!-- Generated by org.testng.reporters.JUnitReportReporter -->
<testsuite hostname="DESKTOP-4DLPTDO" failures="0" tests="1" name="testNG1.Kemo" time="0.013" errors="0" timestamp="2022-02-18T09:29:06 IST" skipped="0">
  <testcase classname="testNG1.Kemo" name="Mahatma" time="0.013"/>
  <system-out>
    <![CDATA[Mahatma Basweshwar Maharaj]]>
  </system-out>
</testsuite> <!-- testNG1.Kemo -->
