<?xml version="1.0" encoding="UTF-8"?>
<!-- Generated by org.testng.reporters.JUnitReportReporter -->
<testsuite hostname="DESKTOP-4DLPTDO" failures="0" tests="3" name="testNG1.Demo" time="0.009" errors="0" timestamp="2022-02-18T09:21:24 IST" skipped="0">
  <testcase classname="testNG1.Demo" name="a" time="0.002"/>
  <system-out/>
  <testcase classname="testNG1.Demo" name="c" time="0.004"/>
  <system-out>
    <![CDATA[hiii]]>
  </system-out>
  <testcase classname="testNG1.Demo" name="b" time="0.003"/>
  <system-out>
    <![CDATA[hiii...]]>
  </system-out>
</testsuite> <!-- testNG1.Demo -->
