<?xml version="1.0" encoding="UTF-8"?>
<!-- Generated by org.testng.reporters.JUnitReportReporter -->
<testsuite hostname="DESKTOP-4DLPTDO" failures="0" tests="2" name="parllalMethods.ParellallMethodExecution" time="0.041" errors="0" timestamp="2022-02-24T08:55:44 IST" skipped="0">
  <testcase classname="parllalMethods.ParellallMethodExecution" name="method1" time="0.020"/>
  <system-out>
    <![CDATA[method1
18 ]]>
  </system-out>
  <testcase classname="parllalMethods.ParellallMethodExecution" name="method2" time="0.021"/>
  <system-out>
    <![CDATA[method2
19 ]]>
  </system-out>
</testsuite> <!-- parllalMethods.ParellallMethodExecution -->
