<?xml version="1.0" encoding="UTF-8"?>
<!-- Generated by org.testng.reporters.JUnitReportReporter -->
<testsuite hostname="DESKTOP-4DLPTDO" failures="0" tests="1" name="annotations.NewTest" time="0.031" errors="0" timestamp="2022-02-23T09:05:39 IST" skipped="0">
  <testcase classname="annotations.NewTest" name="testScript1" time="0.031"/>
  <system-out>
    <![CDATA[null]]>
  </system-out>
</testsuite> <!-- annotations.NewTest -->
