<?xml version="1.0" encoding="UTF-8"?>
<!-- Generated by org.testng.reporters.JUnitReportReporter -->
<testsuite hostname="DESKTOP-4DLPTDO" failures="0" tests="1" name="testNG1.Remo" time="0.002" errors="0" timestamp="2022-02-18T09:29:06 IST" skipped="0">
  <testcase classname="testNG1.Remo" name="Chhatrapati" time="0.002"/>
  <system-out>
    <![CDATA[Chhatrapti Shivaji Maharaj Jayantichya Hardik Shubheccha]]>
  </system-out>
</testsuite> <!-- testNG1.Remo -->
